c:\users\alex\source\repos\mfc\splitruler\debug\splitruler.pch
c:\users\alex\source\repos\mfc\splitruler\debug\vc142.pdb
c:\users\alex\source\repos\mfc\splitruler\debug\vc142.idb
c:\users\alex\source\repos\mfc\splitruler\debug\pch.obj
c:\users\alex\source\repos\mfc\splitruler\debug\splitrulerview.obj
c:\users\alex\source\repos\mfc\splitruler\debug\splitrulerdoc.obj
c:\users\alex\source\repos\mfc\splitruler\debug\splitruler.obj
c:\users\alex\source\repos\mfc\splitruler\debug\mainfrm.obj
c:\users\alex\source\repos\mfc\debug\splitruler.exe
c:\users\alex\source\repos\mfc\debug\splitruler.ilk
c:\users\alex\source\repos\mfc\debug\splitruler.pdb
c:\users\alex\source\repos\mfc\splitruler\debug\splitruler.res
c:\users\alex\source\repos\mfc\splitruler\debug\splitruler.tlog\cl.command.1.tlog
c:\users\alex\source\repos\mfc\splitruler\debug\splitruler.tlog\cl.read.1.tlog
c:\users\alex\source\repos\mfc\splitruler\debug\splitruler.tlog\cl.write.1.tlog
c:\users\alex\source\repos\mfc\splitruler\debug\splitruler.tlog\link.command.1.tlog
c:\users\alex\source\repos\mfc\splitruler\debug\splitruler.tlog\link.read.1.tlog
c:\users\alex\source\repos\mfc\splitruler\debug\splitruler.tlog\link.write.1.tlog
c:\users\alex\source\repos\mfc\splitruler\debug\splitruler.tlog\rc.command.1.tlog
c:\users\alex\source\repos\mfc\splitruler\debug\splitruler.tlog\rc.read.1.tlog
c:\users\alex\source\repos\mfc\splitruler\debug\splitruler.tlog\rc.write.1.tlog
