c:\users\alex\source\repos\mfc\dialogmodal\debug\vc142.pdb
c:\users\alex\source\repos\mfc\dialogmodal\debug\vc142.idb
c:\users\alex\source\repos\mfc\dialogmodal\debug\mainfrm.obj
c:\users\alex\source\repos\mfc\dialogmodal\debug\dialogmodalview.obj
c:\users\alex\source\repos\mfc\dialogmodal\debug\dialogmodaldoc.obj
c:\users\alex\source\repos\mfc\dialogmodal\debug\dialogmodal.obj
c:\users\alex\source\repos\mfc\dialogmodal\debug\dialogmodal.pch
c:\users\alex\source\repos\mfc\dialogmodal\debug\pch.obj
c:\users\alex\source\repos\mfc\dialogmodal\debug\coptionsdialog.obj
c:\users\alex\source\repos\mfc\debug\dialogmodal.exe
c:\users\alex\source\repos\mfc\debug\dialogmodal.ilk
c:\users\alex\source\repos\mfc\debug\dialogmodal.pdb
c:\users\alex\source\repos\mfc\dialogmodal\debug\dialogmodal.res
c:\users\alex\source\repos\mfc\dialogmodal\debug\dialogmodal.tlog\cl.command.1.tlog
c:\users\alex\source\repos\mfc\dialogmodal\debug\dialogmodal.tlog\cl.read.1.tlog
c:\users\alex\source\repos\mfc\dialogmodal\debug\dialogmodal.tlog\cl.write.1.tlog
c:\users\alex\source\repos\mfc\dialogmodal\debug\dialogmodal.tlog\link.command.1.tlog
c:\users\alex\source\repos\mfc\dialogmodal\debug\dialogmodal.tlog\link.read.1.tlog
c:\users\alex\source\repos\mfc\dialogmodal\debug\dialogmodal.tlog\link.write.1.tlog
c:\users\alex\source\repos\mfc\dialogmodal\debug\dialogmodal.tlog\rc.command.1.tlog
c:\users\alex\source\repos\mfc\dialogmodal\debug\dialogmodal.tlog\rc.read.1.tlog
c:\users\alex\source\repos\mfc\dialogmodal\debug\dialogmodal.tlog\rc.write.1.tlog
