c:\users\thinkserver\source\repos\mfc\menu\debug\menu.pch
c:\users\thinkserver\source\repos\mfc\menu\debug\vc142.pdb
c:\users\thinkserver\source\repos\mfc\menu\debug\vc142.idb
c:\users\thinkserver\source\repos\mfc\menu\debug\pch.obj
c:\users\thinkserver\source\repos\mfc\menu\debug\menu.obj
c:\users\thinkserver\source\repos\mfc\menu\debug\mainfrm.obj
c:\users\thinkserver\source\repos\mfc\menu\debug\childview.obj
c:\users\thinkserver\source\repos\mfc\debug\menu.exe
c:\users\thinkserver\source\repos\mfc\debug\menu.ilk
c:\users\thinkserver\source\repos\mfc\debug\menu.pdb
c:\users\thinkserver\source\repos\mfc\menu\debug\menu.res
c:\users\thinkserver\source\repos\mfc\menu\debug\menu.tlog\cl.command.1.tlog
c:\users\thinkserver\source\repos\mfc\menu\debug\menu.tlog\cl.read.1.tlog
c:\users\thinkserver\source\repos\mfc\menu\debug\menu.tlog\cl.write.1.tlog
c:\users\thinkserver\source\repos\mfc\menu\debug\menu.tlog\link.command.1.tlog
c:\users\thinkserver\source\repos\mfc\menu\debug\menu.tlog\link.read.1.tlog
c:\users\thinkserver\source\repos\mfc\menu\debug\menu.tlog\link.write.1.tlog
c:\users\thinkserver\source\repos\mfc\menu\debug\menu.tlog\rc.command.1.tlog
c:\users\thinkserver\source\repos\mfc\menu\debug\menu.tlog\rc.read.1.tlog
c:\users\thinkserver\source\repos\mfc\menu\debug\menu.tlog\rc.write.1.tlog
