c:\users\alex\source\repos\mfc\archiveclass\debug\archiveclass.pch
c:\users\alex\source\repos\mfc\archiveclass\debug\vc142.pdb
c:\users\alex\source\repos\mfc\archiveclass\debug\vc142.idb
c:\users\alex\source\repos\mfc\archiveclass\debug\pch.obj
c:\users\alex\source\repos\mfc\archiveclass\debug\line.obj
c:\users\alex\source\repos\mfc\archiveclass\debug\archiveclassdlg.obj
c:\users\alex\source\repos\mfc\archiveclass\debug\archiveclass.obj
c:\users\alex\source\repos\mfc\debug\archiveclass.exe
c:\users\alex\source\repos\mfc\debug\archiveclass.ilk
c:\users\alex\source\repos\mfc\debug\archiveclass.pdb
c:\users\alex\source\repos\mfc\archiveclass\debug\archiveclass.res
c:\users\alex\source\repos\mfc\archiveclass\debug\archiveclass.tlog\cl.command.1.tlog
c:\users\alex\source\repos\mfc\archiveclass\debug\archiveclass.tlog\cl.read.1.tlog
c:\users\alex\source\repos\mfc\archiveclass\debug\archiveclass.tlog\cl.write.1.tlog
c:\users\alex\source\repos\mfc\archiveclass\debug\archiveclass.tlog\link.command.1.tlog
c:\users\alex\source\repos\mfc\archiveclass\debug\archiveclass.tlog\link.read.1.tlog
c:\users\alex\source\repos\mfc\archiveclass\debug\archiveclass.tlog\link.write.1.tlog
c:\users\alex\source\repos\mfc\archiveclass\debug\archiveclass.tlog\rc.command.1.tlog
c:\users\alex\source\repos\mfc\archiveclass\debug\archiveclass.tlog\rc.read.1.tlog
c:\users\alex\source\repos\mfc\archiveclass\debug\archiveclass.tlog\rc.write.1.tlog
