c:\users\alex\source\repos\mfc\ruler55\debug\ruler55.pch
c:\users\alex\source\repos\mfc\ruler55\debug\vc142.pdb
c:\users\alex\source\repos\mfc\ruler55\debug\vc142.idb
c:\users\alex\source\repos\mfc\ruler55\debug\pch.obj
c:\users\alex\source\repos\mfc\ruler55\debug\viewtree.obj
c:\users\alex\source\repos\mfc\ruler55\debug\ruler55view.obj
c:\users\alex\source\repos\mfc\ruler55\debug\ruler55doc.obj
c:\users\alex\source\repos\mfc\ruler55\debug\ruler55.obj
c:\users\alex\source\repos\mfc\ruler55\debug\propertieswnd.obj
c:\users\alex\source\repos\mfc\ruler55\debug\outputwnd.obj
c:\users\alex\source\repos\mfc\ruler55\debug\mainfrm.obj
c:\users\alex\source\repos\mfc\ruler55\debug\fileview.obj
c:\users\alex\source\repos\mfc\ruler55\debug\classview.obj
c:\users\alex\source\repos\mfc\debug\ruler55.exe
c:\users\alex\source\repos\mfc\debug\ruler55.ilk
c:\users\alex\source\repos\mfc\debug\ruler55.pdb
c:\users\alex\source\repos\mfc\ruler55\debug\ruler55.res
c:\users\alex\source\repos\mfc\ruler55\debug\ruler55.tlog\cl.command.1.tlog
c:\users\alex\source\repos\mfc\ruler55\debug\ruler55.tlog\cl.read.1.tlog
c:\users\alex\source\repos\mfc\ruler55\debug\ruler55.tlog\cl.write.1.tlog
c:\users\alex\source\repos\mfc\ruler55\debug\ruler55.tlog\link.command.1.tlog
c:\users\alex\source\repos\mfc\ruler55\debug\ruler55.tlog\link.read.1.tlog
c:\users\alex\source\repos\mfc\ruler55\debug\ruler55.tlog\link.write.1.tlog
c:\users\alex\source\repos\mfc\ruler55\debug\ruler55.tlog\rc.command.1.tlog
c:\users\alex\source\repos\mfc\ruler55\debug\ruler55.tlog\rc.read.1.tlog
c:\users\alex\source\repos\mfc\ruler55\debug\ruler55.tlog\rc.write.1.tlog
