c:\users\thinkserver\source\repos\mfc\mypad\debug\mypad.pch
c:\users\thinkserver\source\repos\mfc\mypad\debug\vc142.pdb
c:\users\thinkserver\source\repos\mfc\mypad\debug\vc142.idb
c:\users\thinkserver\source\repos\mfc\mypad\debug\pch.obj
c:\users\thinkserver\source\repos\mfc\mypad\debug\mypad.obj
c:\users\thinkserver\source\repos\mfc\mypad\debug\mainfrm.obj
c:\users\thinkserver\source\repos\mfc\mypad\debug\childview.obj
c:\users\thinkserver\source\repos\mfc\debug\mypad.exe
c:\users\thinkserver\source\repos\mfc\debug\mypad.ilk
c:\users\thinkserver\source\repos\mfc\debug\mypad.pdb
c:\users\thinkserver\source\repos\mfc\mypad\debug\mypad.res
c:\users\thinkserver\source\repos\mfc\mypad\debug\mypad.tlog\cl.command.1.tlog
c:\users\thinkserver\source\repos\mfc\mypad\debug\mypad.tlog\cl.read.1.tlog
c:\users\thinkserver\source\repos\mfc\mypad\debug\mypad.tlog\cl.write.1.tlog
c:\users\thinkserver\source\repos\mfc\mypad\debug\mypad.tlog\link.command.1.tlog
c:\users\thinkserver\source\repos\mfc\mypad\debug\mypad.tlog\link.read.1.tlog
c:\users\thinkserver\source\repos\mfc\mypad\debug\mypad.tlog\link.write.1.tlog
c:\users\thinkserver\source\repos\mfc\mypad\debug\mypad.tlog\rc.command.1.tlog
c:\users\thinkserver\source\repos\mfc\mypad\debug\mypad.tlog\rc.read.1.tlog
c:\users\thinkserver\source\repos\mfc\mypad\debug\mypad.tlog\rc.write.1.tlog
