c:\users\alex\source\repos\mfc\mdisquares\debug\mdisquares.pch
c:\users\alex\source\repos\mfc\mdisquares\debug\vc142.pdb
c:\users\alex\source\repos\mfc\mdisquares\debug\vc142.idb
c:\users\alex\source\repos\mfc\mdisquares\debug\pch.obj
c:\users\alex\source\repos\mfc\mdisquares\debug\mdisquaresview.obj
c:\users\alex\source\repos\mfc\mdisquares\debug\mdisquaresdoc.obj
c:\users\alex\source\repos\mfc\mdisquares\debug\mdisquares.obj
c:\users\alex\source\repos\mfc\mdisquares\debug\mainfrm.obj
c:\users\alex\source\repos\mfc\mdisquares\debug\childfrm.obj
c:\users\alex\source\repos\mfc\debug\mdisquares.ilk
c:\users\alex\source\repos\mfc\debug\mdisquares.exe
c:\users\alex\source\repos\mfc\debug\mdisquares.pdb
c:\users\alex\source\repos\mfc\mdisquares\debug\mdisquares.res
c:\users\alex\source\repos\mfc\mdisquares\debug\mdisquares.tlog\cl.command.1.tlog
c:\users\alex\source\repos\mfc\mdisquares\debug\mdisquares.tlog\cl.read.1.tlog
c:\users\alex\source\repos\mfc\mdisquares\debug\mdisquares.tlog\cl.write.1.tlog
c:\users\alex\source\repos\mfc\mdisquares\debug\mdisquares.tlog\link.command.1.tlog
c:\users\alex\source\repos\mfc\mdisquares\debug\mdisquares.tlog\link.read.1.tlog
c:\users\alex\source\repos\mfc\mdisquares\debug\mdisquares.tlog\link.write.1.tlog
c:\users\alex\source\repos\mfc\mdisquares\debug\mdisquares.tlog\rc.command.1.tlog
c:\users\alex\source\repos\mfc\mdisquares\debug\mdisquares.tlog\rc.read.1.tlog
c:\users\alex\source\repos\mfc\mdisquares\debug\mdisquares.tlog\rc.write.1.tlog
