c:\users\alex\source\repos\mfc\scrollruler\debug\scrollruler.pch
c:\users\alex\source\repos\mfc\scrollruler\debug\vc142.pdb
c:\users\alex\source\repos\mfc\scrollruler\debug\vc142.idb
c:\users\alex\source\repos\mfc\scrollruler\debug\pch.obj
c:\users\alex\source\repos\mfc\scrollruler\debug\scrollrulerview.obj
c:\users\alex\source\repos\mfc\scrollruler\debug\scrollrulerdoc.obj
c:\users\alex\source\repos\mfc\scrollruler\debug\scrollruler.obj
c:\users\alex\source\repos\mfc\scrollruler\debug\mainfrm.obj
c:\users\alex\source\repos\mfc\debug\scrollruler.exe
c:\users\alex\source\repos\mfc\debug\scrollruler.ilk
c:\users\alex\source\repos\mfc\debug\scrollruler.pdb
c:\users\alex\source\repos\mfc\scrollruler\debug\scrollruler.res
c:\users\alex\source\repos\mfc\scrollruler\debug\scrollruler.tlog\cl.command.1.tlog
c:\users\alex\source\repos\mfc\scrollruler\debug\scrollruler.tlog\cl.read.1.tlog
c:\users\alex\source\repos\mfc\scrollruler\debug\scrollruler.tlog\cl.write.1.tlog
c:\users\alex\source\repos\mfc\scrollruler\debug\scrollruler.tlog\link.command.1.tlog
c:\users\alex\source\repos\mfc\scrollruler\debug\scrollruler.tlog\link.read.1.tlog
c:\users\alex\source\repos\mfc\scrollruler\debug\scrollruler.tlog\link.write.1.tlog
c:\users\alex\source\repos\mfc\scrollruler\debug\scrollruler.tlog\rc.command.1.tlog
c:\users\alex\source\repos\mfc\scrollruler\debug\scrollruler.tlog\rc.read.1.tlog
c:\users\alex\source\repos\mfc\scrollruler\debug\scrollruler.tlog\rc.write.1.tlog
