c:\users\alex\source\repos\mfc\sdisquares\debug\sdisquares.pch
c:\users\alex\source\repos\mfc\sdisquares\debug\vc142.pdb
c:\users\alex\source\repos\mfc\sdisquares\debug\vc142.idb
c:\users\alex\source\repos\mfc\sdisquares\debug\pch.obj
c:\users\alex\source\repos\mfc\sdisquares\debug\sdisquaresview.obj
c:\users\alex\source\repos\mfc\sdisquares\debug\sdisquaresdoc.obj
c:\users\alex\source\repos\mfc\sdisquares\debug\sdisquares.obj
c:\users\alex\source\repos\mfc\sdisquares\debug\mainfrm.obj
c:\users\alex\source\repos\mfc\debug\sdisquares.exe
c:\users\alex\source\repos\mfc\debug\sdisquares.ilk
c:\users\alex\source\repos\mfc\debug\sdisquares.pdb
c:\users\alex\source\repos\mfc\sdisquares\debug\sdisquares.res
c:\users\alex\source\repos\mfc\sdisquares\debug\sdisquares.tlog\cl.command.1.tlog
c:\users\alex\source\repos\mfc\sdisquares\debug\sdisquares.tlog\cl.read.1.tlog
c:\users\alex\source\repos\mfc\sdisquares\debug\sdisquares.tlog\cl.write.1.tlog
c:\users\alex\source\repos\mfc\sdisquares\debug\sdisquares.tlog\link.command.1.tlog
c:\users\alex\source\repos\mfc\sdisquares\debug\sdisquares.tlog\link.read.1.tlog
c:\users\alex\source\repos\mfc\sdisquares\debug\sdisquares.tlog\link.write.1.tlog
c:\users\alex\source\repos\mfc\sdisquares\debug\sdisquares.tlog\rc.command.1.tlog
c:\users\alex\source\repos\mfc\sdisquares\debug\sdisquares.tlog\rc.read.1.tlog
c:\users\alex\source\repos\mfc\sdisquares\debug\sdisquares.tlog\rc.write.1.tlog
