c:\users\alex\source\repos\mfc\treeview\debug\treeview.pch
c:\users\alex\source\repos\mfc\treeview\debug\vc142.pdb
c:\users\alex\source\repos\mfc\treeview\debug\vc142.idb
c:\users\alex\source\repos\mfc\treeview\debug\pch.obj
c:\users\alex\source\repos\mfc\treeview\debug\treeviewview.obj
c:\users\alex\source\repos\mfc\treeview\debug\treeviewdoc.obj
c:\users\alex\source\repos\mfc\treeview\debug\treeview.obj
c:\users\alex\source\repos\mfc\treeview\debug\mainfrm.obj
c:\users\alex\source\repos\mfc\debug\treeview.ilk
c:\users\alex\source\repos\mfc\debug\treeview.exe
c:\users\alex\source\repos\mfc\debug\treeview.pdb
c:\users\alex\source\repos\mfc\treeview\debug\treeview.res
c:\users\alex\source\repos\mfc\treeview\debug\treeview.tlog\cl.command.1.tlog
c:\users\alex\source\repos\mfc\treeview\debug\treeview.tlog\cl.read.1.tlog
c:\users\alex\source\repos\mfc\treeview\debug\treeview.tlog\cl.write.1.tlog
c:\users\alex\source\repos\mfc\treeview\debug\treeview.tlog\link.command.1.tlog
c:\users\alex\source\repos\mfc\treeview\debug\treeview.tlog\link.read.1.tlog
c:\users\alex\source\repos\mfc\treeview\debug\treeview.tlog\link.write.1.tlog
c:\users\alex\source\repos\mfc\treeview\debug\treeview.tlog\rc.command.1.tlog
c:\users\alex\source\repos\mfc\treeview\debug\treeview.tlog\rc.read.1.tlog
c:\users\alex\source\repos\mfc\treeview\debug\treeview.tlog\rc.write.1.tlog
