c:\users\alex\source\repos\mfc\ruler54\debug\ruler54.pch
c:\users\alex\source\repos\mfc\ruler54\debug\vc142.pdb
c:\users\alex\source\repos\mfc\ruler54\debug\vc142.idb
c:\users\alex\source\repos\mfc\ruler54\debug\pch.obj
c:\users\alex\source\repos\mfc\ruler54\debug\ruler54.obj
c:\users\alex\source\repos\mfc\ruler54\debug\mainfrm.obj
c:\users\alex\source\repos\mfc\ruler54\debug\childview.obj
c:\users\alex\source\repos\mfc\debug\ruler54.exe
c:\users\alex\source\repos\mfc\debug\ruler54.ilk
c:\users\alex\source\repos\mfc\debug\ruler54.pdb
c:\users\alex\source\repos\mfc\ruler54\debug\ruler54.res
c:\users\alex\source\repos\mfc\ruler54\debug\ruler54.tlog\cl.command.1.tlog
c:\users\alex\source\repos\mfc\ruler54\debug\ruler54.tlog\cl.read.1.tlog
c:\users\alex\source\repos\mfc\ruler54\debug\ruler54.tlog\cl.write.1.tlog
c:\users\alex\source\repos\mfc\ruler54\debug\ruler54.tlog\link.command.1.tlog
c:\users\alex\source\repos\mfc\ruler54\debug\ruler54.tlog\link.read.1.tlog
c:\users\alex\source\repos\mfc\ruler54\debug\ruler54.tlog\link.write.1.tlog
c:\users\alex\source\repos\mfc\ruler54\debug\ruler54.tlog\rc.command.1.tlog
c:\users\alex\source\repos\mfc\ruler54\debug\ruler54.tlog\rc.read.1.tlog
c:\users\alex\source\repos\mfc\ruler54\debug\ruler54.tlog\rc.write.1.tlog
