c:\users\alex\source\repos\mfc\dialogshare\debug\dialogshare.pch
c:\users\alex\source\repos\mfc\dialogshare\debug\vc142.pdb
c:\users\alex\source\repos\mfc\dialogshare\debug\vc142.idb
c:\users\alex\source\repos\mfc\dialogshare\debug\pch.obj
c:\users\alex\source\repos\mfc\dialogshare\debug\mainfrm.obj
c:\users\alex\source\repos\mfc\dialogshare\debug\dialogshare.obj
c:\users\alex\source\repos\mfc\dialogshare\debug\childview.obj
c:\users\alex\source\repos\mfc\debug\dialogshare.ilk
c:\users\alex\source\repos\mfc\debug\dialogshare.exe
c:\users\alex\source\repos\mfc\debug\dialogshare.pdb
c:\users\alex\source\repos\mfc\dialogshare\debug\dialogshare.res
c:\users\alex\source\repos\mfc\dialogshare\debug\dialogshare.tlog\cl.command.1.tlog
c:\users\alex\source\repos\mfc\dialogshare\debug\dialogshare.tlog\cl.read.1.tlog
c:\users\alex\source\repos\mfc\dialogshare\debug\dialogshare.tlog\cl.write.1.tlog
c:\users\alex\source\repos\mfc\dialogshare\debug\dialogshare.tlog\link.command.1.tlog
c:\users\alex\source\repos\mfc\dialogshare\debug\dialogshare.tlog\link.read.1.tlog
c:\users\alex\source\repos\mfc\dialogshare\debug\dialogshare.tlog\link.write.1.tlog
c:\users\alex\source\repos\mfc\dialogshare\debug\dialogshare.tlog\rc.command.1.tlog
c:\users\alex\source\repos\mfc\dialogshare\debug\dialogshare.tlog\rc.read.1.tlog
c:\users\alex\source\repos\mfc\dialogshare\debug\dialogshare.tlog\rc.write.1.tlog
